2026-03-10 22:03:56.362 [TID: N/A] WARN  [main] c.a.c.n.c.NacosPropertySourceBuilder - Ignore the empty nacos configuration and get it based on dataId[nfturbo-admin] & group[DEFAULT_GROUP]
2026-03-10 22:03:56.404 [TID: N/A] WARN  [main] c.a.c.n.c.NacosPropertySourceBuilder - Ignore the empty nacos configuration and get it based on dataId[nfturbo-admin.properties] & group[DEFAULT_GROUP]
2026-03-10 22:03:57.324 [TID: N/A] WARN  [main] o.a.d.c.s.b.f.a.ServiceAnnotationPostProcessor -  [DUBBO] No class annotated by Dubbo @DubboService or @Service was found under package [cn.gideon.nft.turbo.admin], ignore re-scanned classes: 0, dubbo version: 3.2.10, current host: 192.168.8.5, error code: 5-28. This may be caused by No annotations were found on the class, go to https://dubbo.apache.org/faq/5/28 to find instructions.
2026-03-10 22:03:57.331 [TID: N/A] WARN  [main] o.a.d.c.s.b.f.a.ServiceAnnotationPostProcessor -  [DUBBO] No class annotated by Dubbo @DubboService or @Service was found under package [cn.gideon.nft.turbo.rpc.config], ignore re-scanned classes: 0, dubbo version: 3.2.10, current host: 192.168.8.5, error code: 5-28. This may be caused by No annotations were found on the class, go to https://dubbo.apache.org/faq/5/28 to find instructions.
2026-03-10 22:03:57.887 [TID: N/A] WARN  [main] o.s.c.s.PostProcessorRegistrationDelegate$BeanPostProcessorChecker - Bean 'com.alicp.jetcache.anno.config.JetCacheProxyConfiguration' of type [com.alicp.jetcache.anno.config.JetCacheProxyConfiguration$$SpringCGLIB$$0] is not eligible for getting processed by all BeanPostProcessors (for example: not eligible for auto-proxying). Is this bean getting eagerly injected into a currently created BeanPostProcessor [meterRegistryPostProcessor]? Check the corresponding BeanPostProcessor declaration and its dependencies.
2026-03-10 22:03:57.889 [TID: N/A] WARN  [main] o.s.c.s.PostProcessorRegistrationDelegate$BeanPostProcessorChecker - Bean 'com.alicp.jetcache.anno.config.CommonConfiguration' of type [com.alicp.jetcache.anno.config.CommonConfiguration$$SpringCGLIB$$0] is not eligible for getting processed by all BeanPostProcessors (for example: not eligible for auto-proxying). Is this bean getting eagerly injected into a currently created BeanPostProcessor [meterRegistryPostProcessor]? Check the corresponding BeanPostProcessor declaration and its dependencies.
2026-03-10 22:04:00.676 [TID: N/A] WARN  [main] o.a.d.registry.nacos.NacosRegistry -  [DUBBO] Received empty url address list and empty protection is disabled, will clear current available addresses, dubbo version: 3.2.10, current host: 192.168.8.5, error code: 1-37. This may be caused by , go to https://dubbo.apache.org/faq/1/37 to find instructions. 
2026-03-10 22:04:00.685 [TID: N/A] WARN  [main] o.a.d.registry.nacos.NacosRegistry -  [DUBBO] Received empty url address list and empty protection is disabled, will clear current available addresses, dubbo version: 3.2.10, current host: 192.168.8.5, error code: 1-37. This may be caused by , go to https://dubbo.apache.org/faq/1/37 to find instructions. 
2026-03-10 22:04:00.980 [TID: N/A] WARN  [main] o.a.d.registry.nacos.NacosRegistry -  [DUBBO] Received empty url address list and empty protection is disabled, will clear current available addresses, dubbo version: 3.2.10, current host: 192.168.8.5, error code: 1-37. This may be caused by , go to https://dubbo.apache.org/faq/1/37 to find instructions. 
2026-03-10 22:04:00.985 [TID: N/A] WARN  [main] o.a.d.registry.nacos.NacosRegistry -  [DUBBO] Received empty url address list and empty protection is disabled, will clear current available addresses, dubbo version: 3.2.10, current host: 192.168.8.5, error code: 1-37. This may be caused by , go to https://dubbo.apache.org/faq/1/37 to find instructions. 
2026-03-10 22:04:01.254 [TID: N/A] WARN  [main] o.a.d.registry.nacos.NacosRegistry -  [DUBBO] Received empty url address list and empty protection is disabled, will clear current available addresses, dubbo version: 3.2.10, current host: 192.168.8.5, error code: 1-37. This may be caused by , go to https://dubbo.apache.org/faq/1/37 to find instructions. 
2026-03-10 22:04:01.260 [TID: N/A] WARN  [main] o.a.d.registry.nacos.NacosRegistry -  [DUBBO] Received empty url address list and empty protection is disabled, will clear current available addresses, dubbo version: 3.2.10, current host: 192.168.8.5, error code: 1-37. This may be caused by , go to https://dubbo.apache.org/faq/1/37 to find instructions. 
2026-03-10 22:04:01.525 [TID: N/A] WARN  [main] o.a.d.registry.nacos.NacosRegistry -  [DUBBO] Received empty url address list and empty protection is disabled, will clear current available addresses, dubbo version: 3.2.10, current host: 192.168.8.5, error code: 1-37. This may be caused by , go to https://dubbo.apache.org/faq/1/37 to find instructions. 
2026-03-10 22:04:01.532 [TID: N/A] WARN  [main] o.a.d.registry.nacos.NacosRegistry -  [DUBBO] Received empty url address list and empty protection is disabled, will clear current available addresses, dubbo version: 3.2.10, current host: 192.168.8.5, error code: 1-37. This may be caused by , go to https://dubbo.apache.org/faq/1/37 to find instructions. 
2026-03-10 22:04:01.804 [TID: N/A] WARN  [main] o.a.d.registry.nacos.NacosRegistry -  [DUBBO] Received empty url address list and empty protection is disabled, will clear current available addresses, dubbo version: 3.2.10, current host: 192.168.8.5, error code: 1-37. This may be caused by , go to https://dubbo.apache.org/faq/1/37 to find instructions. 
2026-03-10 22:04:01.809 [TID: N/A] WARN  [main] o.a.d.registry.nacos.NacosRegistry -  [DUBBO] Received empty url address list and empty protection is disabled, will clear current available addresses, dubbo version: 3.2.10, current host: 192.168.8.5, error code: 1-37. This may be caused by , go to https://dubbo.apache.org/faq/1/37 to find instructions. 
2026-03-10 22:04:02.066 [TID: N/A] WARN  [main] o.a.d.registry.nacos.NacosRegistry -  [DUBBO] Received empty url address list and empty protection is disabled, will clear current available addresses, dubbo version: 3.2.10, current host: 192.168.8.5, error code: 1-37. This may be caused by , go to https://dubbo.apache.org/faq/1/37 to find instructions. 
2026-03-10 22:04:02.070 [TID: N/A] WARN  [main] o.a.d.registry.nacos.NacosRegistry -  [DUBBO] Received empty url address list and empty protection is disabled, will clear current available addresses, dubbo version: 3.2.10, current host: 192.168.8.5, error code: 1-37. This may be caused by , go to https://dubbo.apache.org/faq/1/37 to find instructions. 
2026-03-10 22:04:02.320 [TID: N/A] WARN  [main] o.a.d.registry.nacos.NacosRegistry -  [DUBBO] Received empty url address list and empty protection is disabled, will clear current available addresses, dubbo version: 3.2.10, current host: 192.168.8.5, error code: 1-37. This may be caused by , go to https://dubbo.apache.org/faq/1/37 to find instructions. 
2026-03-10 22:04:02.326 [TID: N/A] WARN  [main] o.a.d.registry.nacos.NacosRegistry -  [DUBBO] Received empty url address list and empty protection is disabled, will clear current available addresses, dubbo version: 3.2.10, current host: 192.168.8.5, error code: 1-37. This may be caused by , go to https://dubbo.apache.org/faq/1/37 to find instructions. 
2026-03-10 22:04:02.571 [TID: N/A] WARN  [main] o.a.d.registry.nacos.NacosRegistry -  [DUBBO] Received empty url address list and empty protection is disabled, will clear current available addresses, dubbo version: 3.2.10, current host: 192.168.8.5, error code: 1-37. This may be caused by , go to https://dubbo.apache.org/faq/1/37 to find instructions. 
2026-03-10 22:04:02.576 [TID: N/A] WARN  [main] o.a.d.registry.nacos.NacosRegistry -  [DUBBO] Received empty url address list and empty protection is disabled, will clear current available addresses, dubbo version: 3.2.10, current host: 192.168.8.5, error code: 1-37. This may be caused by , go to https://dubbo.apache.org/faq/1/37 to find instructions. 
2026-03-10 22:04:03.346 [TID: N/A] WARN  [main] o.a.d.registry.nacos.NacosRegistry -  [DUBBO] Received empty url address list and empty protection is disabled, will clear current available addresses, dubbo version: 3.2.10, current host: 192.168.8.5, error code: 1-37. This may be caused by , go to https://dubbo.apache.org/faq/1/37 to find instructions. 
2026-03-10 22:04:03.365 [TID: N/A] WARN  [main] o.a.d.registry.nacos.NacosRegistry -  [DUBBO] Received empty url address list and empty protection is disabled, will clear current available addresses, dubbo version: 3.2.10, current host: 192.168.8.5, error code: 1-37. This may be caused by , go to https://dubbo.apache.org/faq/1/37 to find instructions. 
2026-03-10 22:04:03.644 [TID: N/A] WARN  [main] o.apache.dubbo.config.ServiceConfig -  [DUBBO] Use random available port(20880) for protocol dubbo, dubbo version: 3.2.10, current host: 192.168.8.5, error code: 5-8. This may be caused by , go to https://dubbo.apache.org/faq/5/8 to find instructions. 
2026-03-10 22:04:06.305 [TID: N/A] WARN  [Thread-5] c.a.n.c.http.HttpClientBeanHolder - [HttpClientBeanHolder] Start destroying common HttpClient
2026-03-10 22:04:06.305 [TID: N/A] WARN  [Thread-7] c.a.nacos.common.notify.NotifyCenter - [NotifyCenter] Start destroying Publisher
2026-03-10 22:04:06.306 [TID: N/A] WARN  [Thread-7] c.a.nacos.common.notify.NotifyCenter - [NotifyCenter] Destruction of the end
2026-03-10 22:04:06.306 [TID: N/A] WARN  [Thread-5] c.a.n.c.http.HttpClientBeanHolder - [HttpClientBeanHolder] Destruction of the end
2026-03-10 22:17:18.358 [TID: N/A] WARN  [main] c.a.c.n.c.NacosPropertySourceBuilder - Ignore the empty nacos configuration and get it based on dataId[nfturbo-admin] & group[DEFAULT_GROUP]
2026-03-10 22:17:18.412 [TID: N/A] WARN  [main] c.a.c.n.c.NacosPropertySourceBuilder - Ignore the empty nacos configuration and get it based on dataId[nfturbo-admin.properties] & group[DEFAULT_GROUP]
2026-03-10 22:17:19.268 [TID: N/A] WARN  [main] o.a.d.c.s.b.f.a.ServiceAnnotationPostProcessor -  [DUBBO] No class annotated by Dubbo @DubboService or @Service was found under package [cn.gideon.nft.turbo.admin], ignore re-scanned classes: 0, dubbo version: 3.2.10, current host: 192.168.8.5, error code: 5-28. This may be caused by No annotations were found on the class, go to https://dubbo.apache.org/faq/5/28 to find instructions.
2026-03-10 22:17:19.270 [TID: N/A] WARN  [main] o.a.d.c.s.b.f.a.ServiceAnnotationPostProcessor -  [DUBBO] No class annotated by Dubbo @DubboService or @Service was found under package [cn.gideon.nft.turbo.rpc.config], ignore re-scanned classes: 0, dubbo version: 3.2.10, current host: 192.168.8.5, error code: 5-28. This may be caused by No annotations were found on the class, go to https://dubbo.apache.org/faq/5/28 to find instructions.
2026-03-10 22:17:19.632 [TID: N/A] WARN  [main] o.s.c.s.PostProcessorRegistrationDelegate$BeanPostProcessorChecker - Bean 'com.alicp.jetcache.anno.config.JetCacheProxyConfiguration' of type [com.alicp.jetcache.anno.config.JetCacheProxyConfiguration$$SpringCGLIB$$0] is not eligible for getting processed by all BeanPostProcessors (for example: not eligible for auto-proxying). Is this bean getting eagerly injected into a currently created BeanPostProcessor [meterRegistryPostProcessor]? Check the corresponding BeanPostProcessor declaration and its dependencies.
2026-03-10 22:17:19.634 [TID: N/A] WARN  [main] o.s.c.s.PostProcessorRegistrationDelegate$BeanPostProcessorChecker - Bean 'com.alicp.jetcache.anno.config.CommonConfiguration' of type [com.alicp.jetcache.anno.config.CommonConfiguration$$SpringCGLIB$$0] is not eligible for getting processed by all BeanPostProcessors (for example: not eligible for auto-proxying). Is this bean getting eagerly injected into a currently created BeanPostProcessor [meterRegistryPostProcessor]? Check the corresponding BeanPostProcessor declaration and its dependencies.
2026-03-10 22:17:22.280 [TID: N/A] WARN  [main] o.a.d.registry.nacos.NacosRegistry -  [DUBBO] Received empty url address list and empty protection is disabled, will clear current available addresses, dubbo version: 3.2.10, current host: 192.168.8.5, error code: 1-37. This may be caused by , go to https://dubbo.apache.org/faq/1/37 to find instructions. 
2026-03-10 22:17:22.293 [TID: N/A] WARN  [main] o.a.d.registry.nacos.NacosRegistry -  [DUBBO] Received empty url address list and empty protection is disabled, will clear current available addresses, dubbo version: 3.2.10, current host: 192.168.8.5, error code: 1-37. This may be caused by , go to https://dubbo.apache.org/faq/1/37 to find instructions. 
2026-03-10 22:17:22.689 [TID: N/A] WARN  [main] o.a.d.registry.nacos.NacosRegistry -  [DUBBO] Received empty url address list and empty protection is disabled, will clear current available addresses, dubbo version: 3.2.10, current host: 192.168.8.5, error code: 1-37. This may be caused by , go to https://dubbo.apache.org/faq/1/37 to find instructions. 
2026-03-10 22:17:22.694 [TID: N/A] WARN  [main] o.a.d.registry.nacos.NacosRegistry -  [DUBBO] Received empty url address list and empty protection is disabled, will clear current available addresses, dubbo version: 3.2.10, current host: 192.168.8.5, error code: 1-37. This may be caused by , go to https://dubbo.apache.org/faq/1/37 to find instructions. 
2026-03-10 22:17:22.989 [TID: N/A] WARN  [main] o.a.d.registry.nacos.NacosRegistry -  [DUBBO] Received empty url address list and empty protection is disabled, will clear current available addresses, dubbo version: 3.2.10, current host: 192.168.8.5, error code: 1-37. This may be caused by , go to https://dubbo.apache.org/faq/1/37 to find instructions. 
2026-03-10 22:17:22.994 [TID: N/A] WARN  [main] o.a.d.registry.nacos.NacosRegistry -  [DUBBO] Received empty url address list and empty protection is disabled, will clear current available addresses, dubbo version: 3.2.10, current host: 192.168.8.5, error code: 1-37. This may be caused by , go to https://dubbo.apache.org/faq/1/37 to find instructions. 
2026-03-10 22:17:23.279 [TID: N/A] WARN  [main] o.a.d.registry.nacos.NacosRegistry -  [DUBBO] Received empty url address list and empty protection is disabled, will clear current available addresses, dubbo version: 3.2.10, current host: 192.168.8.5, error code: 1-37. This may be caused by , go to https://dubbo.apache.org/faq/1/37 to find instructions. 
2026-03-10 22:17:23.285 [TID: N/A] WARN  [main] o.a.d.registry.nacos.NacosRegistry -  [DUBBO] Received empty url address list and empty protection is disabled, will clear current available addresses, dubbo version: 3.2.10, current host: 192.168.8.5, error code: 1-37. This may be caused by , go to https://dubbo.apache.org/faq/1/37 to find instructions. 
2026-03-10 22:17:23.548 [TID: N/A] WARN  [main] o.a.d.registry.nacos.NacosRegistry -  [DUBBO] Received empty url address list and empty protection is disabled, will clear current available addresses, dubbo version: 3.2.10, current host: 192.168.8.5, error code: 1-37. This may be caused by , go to https://dubbo.apache.org/faq/1/37 to find instructions. 
2026-03-10 22:17:23.552 [TID: N/A] WARN  [main] o.a.d.registry.nacos.NacosRegistry -  [DUBBO] Received empty url address list and empty protection is disabled, will clear current available addresses, dubbo version: 3.2.10, current host: 192.168.8.5, error code: 1-37. This may be caused by , go to https://dubbo.apache.org/faq/1/37 to find instructions. 
2026-03-10 22:17:23.807 [TID: N/A] WARN  [main] o.a.d.registry.nacos.NacosRegistry -  [DUBBO] Received empty url address list and empty protection is disabled, will clear current available addresses, dubbo version: 3.2.10, current host: 192.168.8.5, error code: 1-37. This may be caused by , go to https://dubbo.apache.org/faq/1/37 to find instructions. 
2026-03-10 22:17:23.813 [TID: N/A] WARN  [main] o.a.d.registry.nacos.NacosRegistry -  [DUBBO] Received empty url address list and empty protection is disabled, will clear current available addresses, dubbo version: 3.2.10, current host: 192.168.8.5, error code: 1-37. This may be caused by , go to https://dubbo.apache.org/faq/1/37 to find instructions. 
2026-03-10 22:17:24.097 [TID: N/A] WARN  [main] o.a.d.registry.nacos.NacosRegistry -  [DUBBO] Received empty url address list and empty protection is disabled, will clear current available addresses, dubbo version: 3.2.10, current host: 192.168.8.5, error code: 1-37. This may be caused by , go to https://dubbo.apache.org/faq/1/37 to find instructions. 
2026-03-10 22:17:24.102 [TID: N/A] WARN  [main] o.a.d.registry.nacos.NacosRegistry -  [DUBBO] Received empty url address list and empty protection is disabled, will clear current available addresses, dubbo version: 3.2.10, current host: 192.168.8.5, error code: 1-37. This may be caused by , go to https://dubbo.apache.org/faq/1/37 to find instructions. 
2026-03-10 22:17:24.782 [TID: N/A] WARN  [main] o.a.d.registry.nacos.NacosRegistry -  [DUBBO] Received empty url address list and empty protection is disabled, will clear current available addresses, dubbo version: 3.2.10, current host: 192.168.8.5, error code: 1-37. This may be caused by , go to https://dubbo.apache.org/faq/1/37 to find instructions. 
2026-03-10 22:17:24.785 [TID: N/A] WARN  [main] o.a.d.registry.nacos.NacosRegistry -  [DUBBO] Received empty url address list and empty protection is disabled, will clear current available addresses, dubbo version: 3.2.10, current host: 192.168.8.5, error code: 1-37. This may be caused by , go to https://dubbo.apache.org/faq/1/37 to find instructions. 
2026-03-10 22:17:25.056 [TID: N/A] WARN  [main] o.a.d.registry.nacos.NacosRegistry -  [DUBBO] Received empty url address list and empty protection is disabled, will clear current available addresses, dubbo version: 3.2.10, current host: 192.168.8.5, error code: 1-37. This may be caused by , go to https://dubbo.apache.org/faq/1/37 to find instructions. 
2026-03-10 22:17:25.065 [TID: N/A] WARN  [main] o.a.d.registry.nacos.NacosRegistry -  [DUBBO] Received empty url address list and empty protection is disabled, will clear current available addresses, dubbo version: 3.2.10, current host: 192.168.8.5, error code: 1-37. This may be caused by , go to https://dubbo.apache.org/faq/1/37 to find instructions. 
2026-03-10 22:17:25.320 [TID: N/A] WARN  [main] o.apache.dubbo.config.ServiceConfig -  [DUBBO] Use random available port(20880) for protocol dubbo, dubbo version: 3.2.10, current host: 192.168.8.5, error code: 5-8. This may be caused by , go to https://dubbo.apache.org/faq/5/8 to find instructions. 
2026-03-10 22:17:59.385 [TID: N/A] WARN  [Thread-5] c.a.n.c.http.HttpClientBeanHolder - [HttpClientBeanHolder] Start destroying common HttpClient
2026-03-10 22:17:59.385 [TID: N/A] WARN  [Thread-7] c.a.nacos.common.notify.NotifyCenter - [NotifyCenter] Start destroying Publisher
2026-03-10 22:17:59.387 [TID: N/A] WARN  [Thread-7] c.a.nacos.common.notify.NotifyCenter - [NotifyCenter] Destruction of the end
2026-03-10 22:17:59.388 [TID: N/A] WARN  [Thread-5] c.a.n.c.http.HttpClientBeanHolder - [HttpClientBeanHolder] Destruction of the end
2026-03-10 22:18:30.347 [TID: N/A] WARN  [main] c.a.c.n.c.NacosPropertySourceBuilder - Ignore the empty nacos configuration and get it based on dataId[nfturbo-admin] & group[DEFAULT_GROUP]
2026-03-10 22:18:30.368 [TID: N/A] WARN  [main] c.a.c.n.c.NacosPropertySourceBuilder - Ignore the empty nacos configuration and get it based on dataId[nfturbo-admin.properties] & group[DEFAULT_GROUP]
2026-03-10 22:18:31.135 [TID: N/A] WARN  [main] o.a.d.c.s.b.f.a.ServiceAnnotationPostProcessor -  [DUBBO] No class annotated by Dubbo @DubboService or @Service was found under package [cn.gideon.nft.turbo.admin], ignore re-scanned classes: 0, dubbo version: 3.2.10, current host: 192.168.8.5, error code: 5-28. This may be caused by No annotations were found on the class, go to https://dubbo.apache.org/faq/5/28 to find instructions.
2026-03-10 22:18:31.137 [TID: N/A] WARN  [main] o.a.d.c.s.b.f.a.ServiceAnnotationPostProcessor -  [DUBBO] No class annotated by Dubbo @DubboService or @Service was found under package [cn.gideon.nft.turbo.rpc.config], ignore re-scanned classes: 0, dubbo version: 3.2.10, current host: 192.168.8.5, error code: 5-28. This may be caused by No annotations were found on the class, go to https://dubbo.apache.org/faq/5/28 to find instructions.
2026-03-10 22:18:31.531 [TID: N/A] WARN  [main] o.s.c.s.PostProcessorRegistrationDelegate$BeanPostProcessorChecker - Bean 'com.alicp.jetcache.anno.config.JetCacheProxyConfiguration' of type [com.alicp.jetcache.anno.config.JetCacheProxyConfiguration$$SpringCGLIB$$0] is not eligible for getting processed by all BeanPostProcessors (for example: not eligible for auto-proxying). Is this bean getting eagerly injected into a currently created BeanPostProcessor [meterRegistryPostProcessor]? Check the corresponding BeanPostProcessor declaration and its dependencies.
2026-03-10 22:18:31.533 [TID: N/A] WARN  [main] o.s.c.s.PostProcessorRegistrationDelegate$BeanPostProcessorChecker - Bean 'com.alicp.jetcache.anno.config.CommonConfiguration' of type [com.alicp.jetcache.anno.config.CommonConfiguration$$SpringCGLIB$$0] is not eligible for getting processed by all BeanPostProcessors (for example: not eligible for auto-proxying). Is this bean getting eagerly injected into a currently created BeanPostProcessor [meterRegistryPostProcessor]? Check the corresponding BeanPostProcessor declaration and its dependencies.
2026-03-10 22:18:38.520 [TID: N/A] WARN  [main] o.apache.dubbo.config.ServiceConfig -  [DUBBO] Use random available port(20881) for protocol dubbo, dubbo version: 3.2.10, current host: 192.168.8.5, error code: 5-8. This may be caused by , go to https://dubbo.apache.org/faq/5/8 to find instructions. 
2026-03-10 22:19:49.299 [TID: N/A] ERROR [http-nio-9401-exec-6] c.h.n.t.w.h.GlobalWebExceptionHandler - throwable occurred.
org.springframework.web.HttpRequestMethodNotSupportedException: Request method 'GET' is not supported
	at org.springframework.web.servlet.mvc.method.RequestMappingInfoHandlerMapping.handleNoMatch(RequestMappingInfoHandlerMapping.java:265)
	at org.springframework.web.servlet.handler.AbstractHandlerMethodMapping.lookupHandlerMethod(AbstractHandlerMethodMapping.java:441)
	at org.springframework.web.servlet.handler.AbstractHandlerMethodMapping.getHandlerInternal(AbstractHandlerMethodMapping.java:382)
	at org.springframework.web.servlet.mvc.method.RequestMappingInfoHandlerMapping.getHandlerInternal(RequestMappingInfoHandlerMapping.java:126)
	at org.springframework.web.servlet.mvc.method.RequestMappingInfoHandlerMapping.getHandlerInternal(RequestMappingInfoHandlerMapping.java:68)
	at org.springframework.web.servlet.handler.AbstractHandlerMapping.getHandler(AbstractHandlerMapping.java:507)
	at org.springframework.web.servlet.DispatcherServlet.getHandler(DispatcherServlet.java:1283)
	at org.springframework.web.servlet.DispatcherServlet.doDispatch(DispatcherServlet.java:1065)
	at org.springframework.web.servlet.DispatcherServlet.doService(DispatcherServlet.java:979)
	at org.springframework.web.servlet.FrameworkServlet.processRequest(FrameworkServlet.java:1014)
	at org.springframework.web.servlet.FrameworkServlet.doGet(FrameworkServlet.java:903)
	at jakarta.servlet.http.HttpServlet.service(HttpServlet.java:564)
	at org.springframework.web.servlet.FrameworkServlet.service(FrameworkServlet.java:885)
	at jakarta.servlet.http.HttpServlet.service(HttpServlet.java:658)
	at org.apache.catalina.core.ApplicationFilterChain.internalDoFilter(ApplicationFilterChain.java:205)
	at org.apache.catalina.core.ApplicationFilterChain.doFilter(ApplicationFilterChain.java:149)
	at org.apache.tomcat.websocket.server.WsFilter.doFilter(WsFilter.java:51)
	at org.apache.catalina.core.ApplicationFilterChain.internalDoFilter(ApplicationFilterChain.java:174)
	at org.apache.catalina.core.ApplicationFilterChain.doFilter(ApplicationFilterChain.java:149)
	at org.springframework.web.filter.RequestContextFilter.doFilterInternal(RequestContextFilter.java:100)
	at org.springframework.web.filter.OncePerRequestFilter.doFilter(OncePerRequestFilter.java:116)
	at org.apache.catalina.core.ApplicationFilterChain.internalDoFilter(ApplicationFilterChain.java:174)
	at org.apache.catalina.core.ApplicationFilterChain.doFilter(ApplicationFilterChain.java:149)
	at cn.dev33.satoken.filter.SaPathCheckFilterForJakartaServlet.doFilter(SaPathCheckFilterForJakartaServlet.java:55)
	at org.apache.catalina.core.ApplicationFilterChain.internalDoFilter(ApplicationFilterChain.java:174)
	at org.apache.catalina.core.ApplicationFilterChain.doFilter(ApplicationFilterChain.java:149)
	at org.springframework.web.filter.FormContentFilter.doFilterInternal(FormContentFilter.java:93)
	at org.springframework.web.filter.OncePerRequestFilter.doFilter(OncePerRequestFilter.java:116)
	at org.apache.catalina.core.ApplicationFilterChain.internalDoFilter(ApplicationFilterChain.java:174)
	at org.apache.catalina.core.ApplicationFilterChain.doFilter(ApplicationFilterChain.java:149)
	at org.springframework.web.filter.ServerHttpObservationFilter.doFilterInternal(ServerHttpObservationFilter.java:109)
	at org.springframework.web.filter.OncePerRequestFilter.doFilter(OncePerRequestFilter.java:116)
	at org.apache.catalina.core.ApplicationFilterChain.internalDoFilter(ApplicationFilterChain.java:174)
	at org.apache.catalina.core.ApplicationFilterChain.doFilter(ApplicationFilterChain.java:149)
	at org.springframework.web.filter.CharacterEncodingFilter.doFilterInternal(CharacterEncodingFilter.java:201)
	at org.springframework.web.filter.OncePerRequestFilter.doFilter(OncePerRequestFilter.java:116)
	at org.apache.catalina.core.ApplicationFilterChain.internalDoFilter(ApplicationFilterChain.java:174)
	at org.apache.catalina.core.ApplicationFilterChain.doFilter(ApplicationFilterChain.java:149)
	at org.apache.catalina.core.StandardWrapperValve.invoke(StandardWrapperValve.java:167)
	at org.apache.catalina.core.StandardContextValve.invoke(StandardContextValve.java:90)
	at org.apache.catalina.authenticator.AuthenticatorBase.invoke(AuthenticatorBase.java:482)
	at org.apache.catalina.core.StandardHostValve.invoke(StandardHostValve.java:115)
	at org.apache.catalina.valves.ErrorReportValve.invoke(ErrorReportValve.java:93)
	at org.apache.catalina.core.StandardEngineValve.invoke(StandardEngineValve.java:74)
	at org.apache.catalina.connector.CoyoteAdapter.service(CoyoteAdapter.java:340)
	at org.apache.coyote.http11.Http11Processor.service(Http11Processor.java:391)
	at org.apache.coyote.AbstractProcessorLight.process(AbstractProcessorLight.java:63)
	at org.apache.coyote.AbstractProtocol$ConnectionHandler.process(AbstractProtocol.java:896)
	at org.apache.tomcat.util.net.NioEndpoint$SocketProcessor.doRun(NioEndpoint.java:1744)
	at org.apache.tomcat.util.net.SocketProcessorBase.run(SocketProcessorBase.java:52)
	at org.apache.tomcat.util.threads.ThreadPoolExecutor.runWorker(ThreadPoolExecutor.java:1191)
	at org.apache.tomcat.util.threads.ThreadPoolExecutor$Worker.run(ThreadPoolExecutor.java:659)
	at org.apache.tomcat.util.threads.TaskThread$WrappingRunnable.run(TaskThread.java:61)
	at java.base/java.lang.Thread.run(Thread.java:1583)
2026-03-10 22:20:30.280 [TID: N/A] ERROR [http-nio-9401-exec-8] c.h.n.t.w.h.GlobalWebExceptionHandler - throwable occurred.
org.springframework.web.HttpRequestMethodNotSupportedException: Request method 'GET' is not supported
	at org.springframework.web.servlet.mvc.method.RequestMappingInfoHandlerMapping.handleNoMatch(RequestMappingInfoHandlerMapping.java:265)
	at org.springframework.web.servlet.handler.AbstractHandlerMethodMapping.lookupHandlerMethod(AbstractHandlerMethodMapping.java:441)
	at org.springframework.web.servlet.handler.AbstractHandlerMethodMapping.getHandlerInternal(AbstractHandlerMethodMapping.java:382)
	at org.springframework.web.servlet.mvc.method.RequestMappingInfoHandlerMapping.getHandlerInternal(RequestMappingInfoHandlerMapping.java:126)
	at org.springframework.web.servlet.mvc.method.RequestMappingInfoHandlerMapping.getHandlerInternal(RequestMappingInfoHandlerMapping.java:68)
	at org.springframework.web.servlet.handler.AbstractHandlerMapping.getHandler(AbstractHandlerMapping.java:507)
	at org.springframework.web.servlet.DispatcherServlet.getHandler(DispatcherServlet.java:1283)
	at org.springframework.web.servlet.DispatcherServlet.doDispatch(DispatcherServlet.java:1065)
	at org.springframework.web.servlet.DispatcherServlet.doService(DispatcherServlet.java:979)
	at org.springframework.web.servlet.FrameworkServlet.processRequest(FrameworkServlet.java:1014)
	at org.springframework.web.servlet.FrameworkServlet.doGet(FrameworkServlet.java:903)
	at jakarta.servlet.http.HttpServlet.service(HttpServlet.java:564)
	at org.springframework.web.servlet.FrameworkServlet.service(FrameworkServlet.java:885)
	at jakarta.servlet.http.HttpServlet.service(HttpServlet.java:658)
	at org.apache.catalina.core.ApplicationFilterChain.internalDoFilter(ApplicationFilterChain.java:205)
	at org.apache.catalina.core.ApplicationFilterChain.doFilter(ApplicationFilterChain.java:149)
	at org.apache.tomcat.websocket.server.WsFilter.doFilter(WsFilter.java:51)
	at org.apache.catalina.core.ApplicationFilterChain.internalDoFilter(ApplicationFilterChain.java:174)
	at org.apache.catalina.core.ApplicationFilterChain.doFilter(ApplicationFilterChain.java:149)
	at org.springframework.web.filter.RequestContextFilter.doFilterInternal(RequestContextFilter.java:100)
	at org.springframework.web.filter.OncePerRequestFilter.doFilter(OncePerRequestFilter.java:116)
	at org.apache.catalina.core.ApplicationFilterChain.internalDoFilter(ApplicationFilterChain.java:174)
	at org.apache.catalina.core.ApplicationFilterChain.doFilter(ApplicationFilterChain.java:149)
	at cn.dev33.satoken.filter.SaPathCheckFilterForJakartaServlet.doFilter(SaPathCheckFilterForJakartaServlet.java:55)
	at org.apache.catalina.core.ApplicationFilterChain.internalDoFilter(ApplicationFilterChain.java:174)
	at org.apache.catalina.core.ApplicationFilterChain.doFilter(ApplicationFilterChain.java:149)
	at org.springframework.web.filter.FormContentFilter.doFilterInternal(FormContentFilter.java:93)
	at org.springframework.web.filter.OncePerRequestFilter.doFilter(OncePerRequestFilter.java:116)
	at org.apache.catalina.core.ApplicationFilterChain.internalDoFilter(ApplicationFilterChain.java:174)
	at org.apache.catalina.core.ApplicationFilterChain.doFilter(ApplicationFilterChain.java:149)
	at org.springframework.web.filter.ServerHttpObservationFilter.doFilterInternal(ServerHttpObservationFilter.java:109)
	at org.springframework.web.filter.OncePerRequestFilter.doFilter(OncePerRequestFilter.java:116)
	at org.apache.catalina.core.ApplicationFilterChain.internalDoFilter(ApplicationFilterChain.java:174)
	at org.apache.catalina.core.ApplicationFilterChain.doFilter(ApplicationFilterChain.java:149)
	at org.springframework.web.filter.CharacterEncodingFilter.doFilterInternal(CharacterEncodingFilter.java:201)
	at org.springframework.web.filter.OncePerRequestFilter.doFilter(OncePerRequestFilter.java:116)
	at org.apache.catalina.core.ApplicationFilterChain.internalDoFilter(ApplicationFilterChain.java:174)
	at org.apache.catalina.core.ApplicationFilterChain.doFilter(ApplicationFilterChain.java:149)
	at org.apache.catalina.core.StandardWrapperValve.invoke(StandardWrapperValve.java:167)
	at org.apache.catalina.core.StandardContextValve.invoke(StandardContextValve.java:90)
	at org.apache.catalina.authenticator.AuthenticatorBase.invoke(AuthenticatorBase.java:482)
	at org.apache.catalina.core.StandardHostValve.invoke(StandardHostValve.java:115)
	at org.apache.catalina.valves.ErrorReportValve.invoke(ErrorReportValve.java:93)
	at org.apache.catalina.core.StandardEngineValve.invoke(StandardEngineValve.java:74)
	at org.apache.catalina.connector.CoyoteAdapter.service(CoyoteAdapter.java:340)
	at org.apache.coyote.http11.Http11Processor.service(Http11Processor.java:391)
	at org.apache.coyote.AbstractProcessorLight.process(AbstractProcessorLight.java:63)
	at org.apache.coyote.AbstractProtocol$ConnectionHandler.process(AbstractProtocol.java:896)
	at org.apache.tomcat.util.net.NioEndpoint$SocketProcessor.doRun(NioEndpoint.java:1744)
	at org.apache.tomcat.util.net.SocketProcessorBase.run(SocketProcessorBase.java:52)
	at org.apache.tomcat.util.threads.ThreadPoolExecutor.runWorker(ThreadPoolExecutor.java:1191)
	at org.apache.tomcat.util.threads.ThreadPoolExecutor$Worker.run(ThreadPoolExecutor.java:659)
	at org.apache.tomcat.util.threads.TaskThread$WrappingRunnable.run(TaskThread.java:61)
	at java.base/java.lang.Thread.run(Thread.java:1583)
2026-03-10 22:20:41.005 [TID: N/A] ERROR [http-nio-9401-exec-10] c.h.n.t.w.h.GlobalWebExceptionHandler - throwable occurred.
org.springframework.web.HttpRequestMethodNotSupportedException: Request method 'GET' is not supported
	at org.springframework.web.servlet.mvc.method.RequestMappingInfoHandlerMapping.handleNoMatch(RequestMappingInfoHandlerMapping.java:265)
	at org.springframework.web.servlet.handler.AbstractHandlerMethodMapping.lookupHandlerMethod(AbstractHandlerMethodMapping.java:441)
	at org.springframework.web.servlet.handler.AbstractHandlerMethodMapping.getHandlerInternal(AbstractHandlerMethodMapping.java:382)
	at org.springframework.web.servlet.mvc.method.RequestMappingInfoHandlerMapping.getHandlerInternal(RequestMappingInfoHandlerMapping.java:126)
	at org.springframework.web.servlet.mvc.method.RequestMappingInfoHandlerMapping.getHandlerInternal(RequestMappingInfoHandlerMapping.java:68)
	at org.springframework.web.servlet.handler.AbstractHandlerMapping.getHandler(AbstractHandlerMapping.java:507)
	at org.springframework.web.servlet.DispatcherServlet.getHandler(DispatcherServlet.java:1283)
	at org.springframework.web.servlet.DispatcherServlet.doDispatch(DispatcherServlet.java:1065)
	at org.springframework.web.servlet.DispatcherServlet.doService(DispatcherServlet.java:979)
	at org.springframework.web.servlet.FrameworkServlet.processRequest(FrameworkServlet.java:1014)
	at org.springframework.web.servlet.FrameworkServlet.doGet(FrameworkServlet.java:903)
	at jakarta.servlet.http.HttpServlet.service(HttpServlet.java:564)
	at org.springframework.web.servlet.FrameworkServlet.service(FrameworkServlet.java:885)
	at jakarta.servlet.http.HttpServlet.service(HttpServlet.java:658)
	at org.apache.catalina.core.ApplicationFilterChain.internalDoFilter(ApplicationFilterChain.java:205)
	at org.apache.catalina.core.ApplicationFilterChain.doFilter(ApplicationFilterChain.java:149)
	at org.apache.tomcat.websocket.server.WsFilter.doFilter(WsFilter.java:51)
	at org.apache.catalina.core.ApplicationFilterChain.internalDoFilter(ApplicationFilterChain.java:174)
	at org.apache.catalina.core.ApplicationFilterChain.doFilter(ApplicationFilterChain.java:149)
	at org.springframework.web.filter.RequestContextFilter.doFilterInternal(RequestContextFilter.java:100)
	at org.springframework.web.filter.OncePerRequestFilter.doFilter(OncePerRequestFilter.java:116)
	at org.apache.catalina.core.ApplicationFilterChain.internalDoFilter(ApplicationFilterChain.java:174)
	at org.apache.catalina.core.ApplicationFilterChain.doFilter(ApplicationFilterChain.java:149)
	at cn.dev33.satoken.filter.SaPathCheckFilterForJakartaServlet.doFilter(SaPathCheckFilterForJakartaServlet.java:55)
	at org.apache.catalina.core.ApplicationFilterChain.internalDoFilter(ApplicationFilterChain.java:174)
	at org.apache.catalina.core.ApplicationFilterChain.doFilter(ApplicationFilterChain.java:149)
	at org.springframework.web.filter.FormContentFilter.doFilterInternal(FormContentFilter.java:93)
	at org.springframework.web.filter.OncePerRequestFilter.doFilter(OncePerRequestFilter.java:116)
	at org.apache.catalina.core.ApplicationFilterChain.internalDoFilter(ApplicationFilterChain.java:174)
	at org.apache.catalina.core.ApplicationFilterChain.doFilter(ApplicationFilterChain.java:149)
	at org.springframework.web.filter.ServerHttpObservationFilter.doFilterInternal(ServerHttpObservationFilter.java:109)
	at org.springframework.web.filter.OncePerRequestFilter.doFilter(OncePerRequestFilter.java:116)
	at org.apache.catalina.core.ApplicationFilterChain.internalDoFilter(ApplicationFilterChain.java:174)
	at org.apache.catalina.core.ApplicationFilterChain.doFilter(ApplicationFilterChain.java:149)
	at org.springframework.web.filter.CharacterEncodingFilter.doFilterInternal(CharacterEncodingFilter.java:201)
	at org.springframework.web.filter.OncePerRequestFilter.doFilter(OncePerRequestFilter.java:116)
	at org.apache.catalina.core.ApplicationFilterChain.internalDoFilter(ApplicationFilterChain.java:174)
	at org.apache.catalina.core.ApplicationFilterChain.doFilter(ApplicationFilterChain.java:149)
	at org.apache.catalina.core.StandardWrapperValve.invoke(StandardWrapperValve.java:167)
	at org.apache.catalina.core.StandardContextValve.invoke(StandardContextValve.java:90)
	at org.apache.catalina.authenticator.AuthenticatorBase.invoke(AuthenticatorBase.java:482)
	at org.apache.catalina.core.StandardHostValve.invoke(StandardHostValve.java:115)
	at org.apache.catalina.valves.ErrorReportValve.invoke(ErrorReportValve.java:93)
	at org.apache.catalina.core.StandardEngineValve.invoke(StandardEngineValve.java:74)
	at org.apache.catalina.connector.CoyoteAdapter.service(CoyoteAdapter.java:340)
	at org.apache.coyote.http11.Http11Processor.service(Http11Processor.java:391)
	at org.apache.coyote.AbstractProcessorLight.process(AbstractProcessorLight.java:63)
	at org.apache.coyote.AbstractProtocol$ConnectionHandler.process(AbstractProtocol.java:896)
	at org.apache.tomcat.util.net.NioEndpoint$SocketProcessor.doRun(NioEndpoint.java:1744)
	at org.apache.tomcat.util.net.SocketProcessorBase.run(SocketProcessorBase.java:52)
	at org.apache.tomcat.util.threads.ThreadPoolExecutor.runWorker(ThreadPoolExecutor.java:1191)
	at org.apache.tomcat.util.threads.ThreadPoolExecutor$Worker.run(ThreadPoolExecutor.java:659)
	at org.apache.tomcat.util.threads.TaskThread$WrappingRunnable.run(TaskThread.java:61)
	at java.base/java.lang.Thread.run(Thread.java:1583)
2026-03-10 22:21:21.807 [TID: N/A] WARN  [Thread-5] c.a.n.c.http.HttpClientBeanHolder - [HttpClientBeanHolder] Start destroying common HttpClient
2026-03-10 22:21:21.807 [TID: N/A] WARN  [Thread-7] c.a.nacos.common.notify.NotifyCenter - [NotifyCenter] Start destroying Publisher
2026-03-10 22:21:21.808 [TID: N/A] WARN  [Thread-7] c.a.nacos.common.notify.NotifyCenter - [NotifyCenter] Destruction of the end
2026-03-10 22:21:21.810 [TID: N/A] WARN  [Thread-5] c.a.n.c.http.HttpClientBeanHolder - [HttpClientBeanHolder] Destruction of the end
2026-03-10 22:21:24.097 [TID: N/A] WARN  [SpringApplicationShutdownHook] com.alibaba.nacos.client.naming - [NamingHttpClientManager] Start destroying NacosRestTemplate
2026-03-10 22:21:24.097 [TID: N/A] WARN  [SpringApplicationShutdownHook] com.alibaba.nacos.client.naming - [NamingHttpClientManager] Destruction of the end
2026-03-10 22:21:24.097 [TID: N/A] WARN  [SpringApplicationShutdownHook] com.alibaba.nacos.client.naming - [NamingHttpClientManager] Start destroying NacosRestTemplate
2026-03-10 22:21:24.097 [TID: N/A] WARN  [SpringApplicationShutdownHook] com.alibaba.nacos.client.naming - [NamingHttpClientManager] Destruction of the end
2026-03-10 22:21:24.103 [TID: N/A] WARN  [SpringApplicationShutdownHook] com.alibaba.nacos.client.naming - [NamingHttpClientManager] Start destroying NacosRestTemplate
2026-03-10 22:21:24.103 [TID: N/A] WARN  [SpringApplicationShutdownHook] com.alibaba.nacos.client.naming - [NamingHttpClientManager] Destruction of the end
2026-03-10 22:21:24.103 [TID: N/A] WARN  [SpringApplicationShutdownHook] com.alibaba.nacos.client.naming - [NamingHttpClientManager] Start destroying NacosRestTemplate
2026-03-10 22:21:24.103 [TID: N/A] WARN  [SpringApplicationShutdownHook] com.alibaba.nacos.client.naming - [NamingHttpClientManager] Destruction of the end
2026-03-10 22:21:24.141 [TID: N/A] WARN  [SpringApplicationShutdownHook] com.alibaba.nacos.client.naming - [NamingHttpClientManager] Start destroying NacosRestTemplate
2026-03-10 22:21:24.142 [TID: N/A] WARN  [SpringApplicationShutdownHook] com.alibaba.nacos.client.naming - [NamingHttpClientManager] Destruction of the end
2026-03-10 22:21:24.142 [TID: N/A] WARN  [SpringApplicationShutdownHook] com.alibaba.nacos.client.naming - [NamingHttpClientManager] Start destroying NacosRestTemplate
2026-03-10 22:21:24.142 [TID: N/A] WARN  [SpringApplicationShutdownHook] com.alibaba.nacos.client.naming - [NamingHttpClientManager] Destruction of the end
2026-03-10 22:21:28.169 [TID: N/A] WARN  [main] c.a.c.n.c.NacosPropertySourceBuilder - Ignore the empty nacos configuration and get it based on dataId[nfturbo-admin] & group[DEFAULT_GROUP]
2026-03-10 22:21:28.199 [TID: N/A] WARN  [main] c.a.c.n.c.NacosPropertySourceBuilder - Ignore the empty nacos configuration and get it based on dataId[nfturbo-admin.properties] & group[DEFAULT_GROUP]
2026-03-10 22:21:29.087 [TID: N/A] WARN  [main] o.a.d.c.s.b.f.a.ServiceAnnotationPostProcessor -  [DUBBO] No class annotated by Dubbo @DubboService or @Service was found under package [cn.gideon.nft.turbo.admin], ignore re-scanned classes: 0, dubbo version: 3.2.10, current host: 192.168.8.5, error code: 5-28. This may be caused by No annotations were found on the class, go to https://dubbo.apache.org/faq/5/28 to find instructions.
2026-03-10 22:21:29.089 [TID: N/A] WARN  [main] o.a.d.c.s.b.f.a.ServiceAnnotationPostProcessor -  [DUBBO] No class annotated by Dubbo @DubboService or @Service was found under package [cn.gideon.nft.turbo.rpc.config], ignore re-scanned classes: 0, dubbo version: 3.2.10, current host: 192.168.8.5, error code: 5-28. This may be caused by No annotations were found on the class, go to https://dubbo.apache.org/faq/5/28 to find instructions.
2026-03-10 22:21:29.513 [TID: N/A] WARN  [main] o.s.c.s.PostProcessorRegistrationDelegate$BeanPostProcessorChecker - Bean 'com.alicp.jetcache.anno.config.JetCacheProxyConfiguration' of type [com.alicp.jetcache.anno.config.JetCacheProxyConfiguration$$SpringCGLIB$$0] is not eligible for getting processed by all BeanPostProcessors (for example: not eligible for auto-proxying). Is this bean getting eagerly injected into a currently created BeanPostProcessor [meterRegistryPostProcessor]? Check the corresponding BeanPostProcessor declaration and its dependencies.
2026-03-10 22:21:29.515 [TID: N/A] WARN  [main] o.s.c.s.PostProcessorRegistrationDelegate$BeanPostProcessorChecker - Bean 'com.alicp.jetcache.anno.config.CommonConfiguration' of type [com.alicp.jetcache.anno.config.CommonConfiguration$$SpringCGLIB$$0] is not eligible for getting processed by all BeanPostProcessors (for example: not eligible for auto-proxying). Is this bean getting eagerly injected into a currently created BeanPostProcessor [meterRegistryPostProcessor]? Check the corresponding BeanPostProcessor declaration and its dependencies.
2026-03-10 22:21:35.669 [TID: N/A] WARN  [main] o.apache.dubbo.config.ServiceConfig -  [DUBBO] Use random available port(20881) for protocol dubbo, dubbo version: 3.2.10, current host: 192.168.8.5, error code: 5-8. This may be caused by , go to https://dubbo.apache.org/faq/5/8 to find instructions. 
2026-03-10 22:22:55.054 [TID: N/A] ERROR [http-nio-9401-exec-4] c.h.n.t.w.h.GlobalWebExceptionHandler - throwable occurred.
org.springframework.web.HttpRequestMethodNotSupportedException: Request method 'GET' is not supported
	at org.springframework.web.servlet.mvc.method.RequestMappingInfoHandlerMapping.handleNoMatch(RequestMappingInfoHandlerMapping.java:265)
	at org.springframework.web.servlet.handler.AbstractHandlerMethodMapping.lookupHandlerMethod(AbstractHandlerMethodMapping.java:441)
	at org.springframework.web.servlet.handler.AbstractHandlerMethodMapping.getHandlerInternal(AbstractHandlerMethodMapping.java:382)
	at org.springframework.web.servlet.mvc.method.RequestMappingInfoHandlerMapping.getHandlerInternal(RequestMappingInfoHandlerMapping.java:126)
	at org.springframework.web.servlet.mvc.method.RequestMappingInfoHandlerMapping.getHandlerInternal(RequestMappingInfoHandlerMapping.java:68)
	at org.springframework.web.servlet.handler.AbstractHandlerMapping.getHandler(AbstractHandlerMapping.java:507)
	at org.springframework.web.servlet.DispatcherServlet.getHandler(DispatcherServlet.java:1283)
	at org.springframework.web.servlet.DispatcherServlet.doDispatch(DispatcherServlet.java:1065)
	at org.springframework.web.servlet.DispatcherServlet.doService(DispatcherServlet.java:979)
	at org.springframework.web.servlet.FrameworkServlet.processRequest(FrameworkServlet.java:1014)
	at org.springframework.web.servlet.FrameworkServlet.doGet(FrameworkServlet.java:903)
	at jakarta.servlet.http.HttpServlet.service(HttpServlet.java:564)
	at org.springframework.web.servlet.FrameworkServlet.service(FrameworkServlet.java:885)
	at jakarta.servlet.http.HttpServlet.service(HttpServlet.java:658)
	at org.apache.catalina.core.ApplicationFilterChain.internalDoFilter(ApplicationFilterChain.java:205)
	at org.apache.catalina.core.ApplicationFilterChain.doFilter(ApplicationFilterChain.java:149)
	at org.apache.tomcat.websocket.server.WsFilter.doFilter(WsFilter.java:51)
	at org.apache.catalina.core.ApplicationFilterChain.internalDoFilter(ApplicationFilterChain.java:174)
	at org.apache.catalina.core.ApplicationFilterChain.doFilter(ApplicationFilterChain.java:149)
	at org.springframework.web.filter.RequestContextFilter.doFilterInternal(RequestContextFilter.java:100)
	at org.springframework.web.filter.OncePerRequestFilter.doFilter(OncePerRequestFilter.java:116)
	at org.apache.catalina.core.ApplicationFilterChain.internalDoFilter(ApplicationFilterChain.java:174)
	at org.apache.catalina.core.ApplicationFilterChain.doFilter(ApplicationFilterChain.java:149)
	at cn.dev33.satoken.filter.SaPathCheckFilterForJakartaServlet.doFilter(SaPathCheckFilterForJakartaServlet.java:55)
	at org.apache.catalina.core.ApplicationFilterChain.internalDoFilter(ApplicationFilterChain.java:174)
	at org.apache.catalina.core.ApplicationFilterChain.doFilter(ApplicationFilterChain.java:149)
	at org.springframework.web.filter.FormContentFilter.doFilterInternal(FormContentFilter.java:93)
	at org.springframework.web.filter.OncePerRequestFilter.doFilter(OncePerRequestFilter.java:116)
	at org.apache.catalina.core.ApplicationFilterChain.internalDoFilter(ApplicationFilterChain.java:174)
	at org.apache.catalina.core.ApplicationFilterChain.doFilter(ApplicationFilterChain.java:149)
	at org.springframework.web.filter.ServerHttpObservationFilter.doFilterInternal(ServerHttpObservationFilter.java:109)
	at org.springframework.web.filter.OncePerRequestFilter.doFilter(OncePerRequestFilter.java:116)
	at org.apache.catalina.core.ApplicationFilterChain.internalDoFilter(ApplicationFilterChain.java:174)
	at org.apache.catalina.core.ApplicationFilterChain.doFilter(ApplicationFilterChain.java:149)
	at org.springframework.web.filter.CharacterEncodingFilter.doFilterInternal(CharacterEncodingFilter.java:201)
	at org.springframework.web.filter.OncePerRequestFilter.doFilter(OncePerRequestFilter.java:116)
	at org.apache.catalina.core.ApplicationFilterChain.internalDoFilter(ApplicationFilterChain.java:174)
	at org.apache.catalina.core.ApplicationFilterChain.doFilter(ApplicationFilterChain.java:149)
	at org.apache.catalina.core.StandardWrapperValve.invoke(StandardWrapperValve.java:167)
	at org.apache.catalina.core.StandardContextValve.invoke(StandardContextValve.java:90)
	at org.apache.catalina.authenticator.AuthenticatorBase.invoke(AuthenticatorBase.java:482)
	at org.apache.catalina.core.StandardHostValve.invoke(StandardHostValve.java:115)
	at org.apache.catalina.valves.ErrorReportValve.invoke(ErrorReportValve.java:93)
	at org.apache.catalina.core.StandardEngineValve.invoke(StandardEngineValve.java:74)
	at org.apache.catalina.connector.CoyoteAdapter.service(CoyoteAdapter.java:340)
	at org.apache.coyote.http11.Http11Processor.service(Http11Processor.java:391)
	at org.apache.coyote.AbstractProcessorLight.process(AbstractProcessorLight.java:63)
	at org.apache.coyote.AbstractProtocol$ConnectionHandler.process(AbstractProtocol.java:896)
	at org.apache.tomcat.util.net.NioEndpoint$SocketProcessor.doRun(NioEndpoint.java:1744)
	at org.apache.tomcat.util.net.SocketProcessorBase.run(SocketProcessorBase.java:52)
	at org.apache.tomcat.util.threads.ThreadPoolExecutor.runWorker(ThreadPoolExecutor.java:1191)
	at org.apache.tomcat.util.threads.ThreadPoolExecutor$Worker.run(ThreadPoolExecutor.java:659)
	at org.apache.tomcat.util.threads.TaskThread$WrappingRunnable.run(TaskThread.java:61)
	at java.base/java.lang.Thread.run(Thread.java:1583)
2026-03-10 22:23:13.892 [TID: N/A] WARN  [Thread-5] c.a.n.c.http.HttpClientBeanHolder - [HttpClientBeanHolder] Start destroying common HttpClient
2026-03-10 22:23:13.892 [TID: N/A] WARN  [Thread-7] c.a.nacos.common.notify.NotifyCenter - [NotifyCenter] Start destroying Publisher
2026-03-10 22:23:13.893 [TID: N/A] WARN  [Thread-7] c.a.nacos.common.notify.NotifyCenter - [NotifyCenter] Destruction of the end
2026-03-10 22:23:13.896 [TID: N/A] WARN  [Thread-5] c.a.n.c.http.HttpClientBeanHolder - [HttpClientBeanHolder] Destruction of the end
2026-03-10 22:23:16.360 [TID: N/A] WARN  [SpringApplicationShutdownHook] com.alibaba.nacos.client.naming - [NamingHttpClientManager] Start destroying NacosRestTemplate
2026-03-10 22:23:16.361 [TID: N/A] WARN  [SpringApplicationShutdownHook] com.alibaba.nacos.client.naming - [NamingHttpClientManager] Destruction of the end
2026-03-10 22:23:16.361 [TID: N/A] WARN  [SpringApplicationShutdownHook] com.alibaba.nacos.client.naming - [NamingHttpClientManager] Start destroying NacosRestTemplate
2026-03-10 22:23:16.361 [TID: N/A] WARN  [SpringApplicationShutdownHook] com.alibaba.nacos.client.naming - [NamingHttpClientManager] Destruction of the end
2026-03-10 22:23:16.382 [TID: N/A] WARN  [SpringApplicationShutdownHook] com.alibaba.nacos.client.naming - [NamingHttpClientManager] Start destroying NacosRestTemplate
2026-03-10 22:23:16.382 [TID: N/A] WARN  [SpringApplicationShutdownHook] com.alibaba.nacos.client.naming - [NamingHttpClientManager] Destruction of the end
2026-03-10 22:23:16.383 [TID: N/A] WARN  [SpringApplicationShutdownHook] com.alibaba.nacos.client.naming - [NamingHttpClientManager] Start destroying NacosRestTemplate
2026-03-10 22:23:16.383 [TID: N/A] WARN  [SpringApplicationShutdownHook] com.alibaba.nacos.client.naming - [NamingHttpClientManager] Destruction of the end
2026-03-10 22:23:16.384 [TID: N/A] WARN  [com.alibaba.nacos.client.remote.worker.0] com.alibaba.nacos.client.naming - Grpc connection disconnect, mark to redo
2026-03-10 22:23:16.392 [TID: N/A] WARN  [com.alibaba.nacos.client.remote.worker.0] com.alibaba.nacos.client.naming - mark to redo completed
2026-03-10 22:23:16.609 [TID: N/A] WARN  [SpringApplicationShutdownHook] com.alibaba.nacos.client.naming - [NamingHttpClientManager] Start destroying NacosRestTemplate
2026-03-10 22:23:16.610 [TID: N/A] WARN  [SpringApplicationShutdownHook] com.alibaba.nacos.client.naming - [NamingHttpClientManager] Destruction of the end
2026-03-10 22:23:16.610 [TID: N/A] WARN  [SpringApplicationShutdownHook] com.alibaba.nacos.client.naming - [NamingHttpClientManager] Start destroying NacosRestTemplate
2026-03-10 22:23:16.610 [TID: N/A] WARN  [SpringApplicationShutdownHook] com.alibaba.nacos.client.naming - [NamingHttpClientManager] Destruction of the end
2026-03-10 22:23:16.611 [TID: N/A] WARN  [com.alibaba.nacos.client.remote.worker.0] com.alibaba.nacos.client.naming - Grpc connection disconnect, mark to redo
2026-03-10 22:23:16.611 [TID: N/A] WARN  [com.alibaba.nacos.client.remote.worker.0] com.alibaba.nacos.client.naming - mark to redo completed
2026-03-10 22:23:20.336 [TID: N/A] WARN  [main] c.a.c.n.c.NacosPropertySourceBuilder - Ignore the empty nacos configuration and get it based on dataId[nfturbo-admin] & group[DEFAULT_GROUP]
2026-03-10 22:23:20.369 [TID: N/A] WARN  [main] c.a.c.n.c.NacosPropertySourceBuilder - Ignore the empty nacos configuration and get it based on dataId[nfturbo-admin.properties] & group[DEFAULT_GROUP]
2026-03-10 22:23:21.115 [TID: N/A] WARN  [main] o.a.d.c.s.b.f.a.ServiceAnnotationPostProcessor -  [DUBBO] No class annotated by Dubbo @DubboService or @Service was found under package [cn.gideon.nft.turbo.admin], ignore re-scanned classes: 0, dubbo version: 3.2.10, current host: 192.168.8.5, error code: 5-28. This may be caused by No annotations were found on the class, go to https://dubbo.apache.org/faq/5/28 to find instructions.
2026-03-10 22:23:21.117 [TID: N/A] WARN  [main] o.a.d.c.s.b.f.a.ServiceAnnotationPostProcessor -  [DUBBO] No class annotated by Dubbo @DubboService or @Service was found under package [cn.gideon.nft.turbo.rpc.config], ignore re-scanned classes: 0, dubbo version: 3.2.10, current host: 192.168.8.5, error code: 5-28. This may be caused by No annotations were found on the class, go to https://dubbo.apache.org/faq/5/28 to find instructions.
2026-03-10 22:23:21.464 [TID: N/A] WARN  [main] o.s.c.s.PostProcessorRegistrationDelegate$BeanPostProcessorChecker - Bean 'com.alicp.jetcache.anno.config.JetCacheProxyConfiguration' of type [com.alicp.jetcache.anno.config.JetCacheProxyConfiguration$$SpringCGLIB$$0] is not eligible for getting processed by all BeanPostProcessors (for example: not eligible for auto-proxying). Is this bean getting eagerly injected into a currently created BeanPostProcessor [meterRegistryPostProcessor]? Check the corresponding BeanPostProcessor declaration and its dependencies.
2026-03-10 22:23:21.466 [TID: N/A] WARN  [main] o.s.c.s.PostProcessorRegistrationDelegate$BeanPostProcessorChecker - Bean 'com.alicp.jetcache.anno.config.CommonConfiguration' of type [com.alicp.jetcache.anno.config.CommonConfiguration$$SpringCGLIB$$0] is not eligible for getting processed by all BeanPostProcessors (for example: not eligible for auto-proxying). Is this bean getting eagerly injected into a currently created BeanPostProcessor [meterRegistryPostProcessor]? Check the corresponding BeanPostProcessor declaration and its dependencies.
2026-03-10 22:23:27.100 [TID: N/A] WARN  [main] o.apache.dubbo.config.ServiceConfig -  [DUBBO] Use random available port(20881) for protocol dubbo, dubbo version: 3.2.10, current host: 192.168.8.5, error code: 5-8. This may be caused by , go to https://dubbo.apache.org/faq/5/8 to find instructions. 
2026-03-10 22:26:52.093 [TID: N/A] WARN  [Thread-5] c.a.n.c.http.HttpClientBeanHolder - [HttpClientBeanHolder] Start destroying common HttpClient
2026-03-10 22:26:52.098 [TID: N/A] WARN  [Thread-7] c.a.nacos.common.notify.NotifyCenter - [NotifyCenter] Start destroying Publisher
2026-03-10 22:26:52.102 [TID: N/A] WARN  [Thread-7] c.a.nacos.common.notify.NotifyCenter - [NotifyCenter] Destruction of the end
2026-03-10 22:26:52.108 [TID: N/A] WARN  [Thread-5] c.a.n.c.http.HttpClientBeanHolder - [HttpClientBeanHolder] Destruction of the end
2026-03-10 22:26:54.851 [TID: N/A] WARN  [SpringApplicationShutdownHook] com.alibaba.nacos.client.naming - [NamingHttpClientManager] Start destroying NacosRestTemplate
2026-03-10 22:26:54.852 [TID: N/A] WARN  [SpringApplicationShutdownHook] com.alibaba.nacos.client.naming - [NamingHttpClientManager] Destruction of the end
2026-03-10 22:26:54.852 [TID: N/A] WARN  [SpringApplicationShutdownHook] com.alibaba.nacos.client.naming - [NamingHttpClientManager] Start destroying NacosRestTemplate
2026-03-10 22:26:54.852 [TID: N/A] WARN  [SpringApplicationShutdownHook] com.alibaba.nacos.client.naming - [NamingHttpClientManager] Destruction of the end
2026-03-10 22:26:54.858 [TID: N/A] WARN  [SpringApplicationShutdownHook] com.alibaba.nacos.client.naming - [NamingHttpClientManager] Start destroying NacosRestTemplate
2026-03-10 22:26:54.858 [TID: N/A] WARN  [SpringApplicationShutdownHook] com.alibaba.nacos.client.naming - [NamingHttpClientManager] Destruction of the end
2026-03-10 22:26:54.858 [TID: N/A] WARN  [SpringApplicationShutdownHook] com.alibaba.nacos.client.naming - [NamingHttpClientManager] Start destroying NacosRestTemplate
2026-03-10 22:26:54.858 [TID: N/A] WARN  [SpringApplicationShutdownHook] com.alibaba.nacos.client.naming - [NamingHttpClientManager] Destruction of the end
2026-03-10 22:26:54.914 [TID: N/A] WARN  [SpringApplicationShutdownHook] com.alibaba.nacos.client.naming - [NamingHttpClientManager] Start destroying NacosRestTemplate
2026-03-10 22:26:54.914 [TID: N/A] WARN  [SpringApplicationShutdownHook] com.alibaba.nacos.client.naming - [NamingHttpClientManager] Destruction of the end
2026-03-10 22:26:54.914 [TID: N/A] WARN  [SpringApplicationShutdownHook] com.alibaba.nacos.client.naming - [NamingHttpClientManager] Start destroying NacosRestTemplate
2026-03-10 22:26:54.914 [TID: N/A] WARN  [SpringApplicationShutdownHook] com.alibaba.nacos.client.naming - [NamingHttpClientManager] Destruction of the end
